Determining if the pthread_create exist failed with the following output:
Change Dir: /home/pavel/catkin_ws/build/CMakeFiles/CMakeTmp

Run Build Command:"/usr/bin/make" "cmTC_883c4/fast"
/usr/bin/make -f CMakeFiles/cmTC_883c4.dir/build.make CMakeFiles/cmTC_883c4.dir/build
make[1]: вход в каталог «/home/pavel/catkin_ws/build/CMakeFiles/CMakeTmp»
Building C object CMakeFiles/cmTC_883c4.dir/CheckSymbolExists.c.o
/usr/bin/cc     -o CMakeFiles/cmTC_883c4.dir/CheckSymbolExists.c.o   -c /home/pavel/catkin_ws/build/CMakeFiles/CMakeTmp/CheckSymbolExists.c
Linking C executable cmTC_883c4
/usr/bin/cmake -E cmake_link_script CMakeFiles/cmTC_883c4.dir/link.txt --verbose=1
/usr/bin/cc       CMakeFiles/cmTC_883c4.dir/CheckSymbolExists.c.o  -o cmTC_883c4 -rdynamic 
CMakeFiles/cmTC_883c4.dir/CheckSymbolExists.c.o: In function `main':
CheckSymbolExists.c:(.text+0x16): undefined reference to `pthread_create'
collect2: error: ld returned 1 exit status
CMakeFiles/cmTC_883c4.dir/build.make:97: ошибка выполнения рецепта для цели «cmTC_883c4»
make[1]: *** [cmTC_883c4] Ошибка 1
make[1]: выход из каталога «/home/pavel/catkin_ws/build/CMakeFiles/CMakeTmp»
Makefile:126: ошибка выполнения рецепта для цели «cmTC_883c4/fast»
make: *** [cmTC_883c4/fast] Ошибка 2

File /home/pavel/catkin_ws/build/CMakeFiles/CMakeTmp/CheckSymbolExists.c:
/* */
#include <pthread.h>

int main(int argc, char** argv)
{
  (void)argv;
#ifndef pthread_create
  return ((int*)(&pthread_create))[argc];
#else
  (void)argc;
  return 0;
#endif
}

Determining if the function pthread_create exists in the pthreads failed with the following output:
Change Dir: /home/pavel/catkin_ws/build/CMakeFiles/CMakeTmp

Run Build Command:"/usr/bin/make" "cmTC_d7a7d/fast"
/usr/bin/make -f CMakeFiles/cmTC_d7a7d.dir/build.make CMakeFiles/cmTC_d7a7d.dir/build
make[1]: вход в каталог «/home/pavel/catkin_ws/build/CMakeFiles/CMakeTmp»
Building C object CMakeFiles/cmTC_d7a7d.dir/CheckFunctionExists.c.o
/usr/bin/cc    -DCHECK_FUNCTION_EXISTS=pthread_create   -o CMakeFiles/cmTC_d7a7d.dir/CheckFunctionExists.c.o   -c /usr/share/cmake-3.5/Modules/CheckFunctionExists.c
Linking C executable cmTC_d7a7d
/usr/bin/cmake -E cmake_link_script CMakeFiles/cmTC_d7a7d.dir/link.txt --verbose=1
/usr/bin/cc   -DCHECK_FUNCTION_EXISTS=pthread_create    CMakeFiles/cmTC_d7a7d.dir/CheckFunctionExists.c.o  -o cmTC_d7a7d -rdynamic -lpthreads 
/usr/bin/ld: cannot find -lpthreads
collect2: error: ld returned 1 exit status
CMakeFiles/cmTC_d7a7d.dir/build.make:97: ошибка выполнения рецепта для цели «cmTC_d7a7d»
make[1]: *** [cmTC_d7a7d] Ошибка 1
make[1]: выход из каталога «/home/pavel/catkin_ws/build/CMakeFiles/CMakeTmp»
Makefile:126: ошибка выполнения рецепта для цели «cmTC_d7a7d/fast»
make: *** [cmTC_d7a7d/fast] Ошибка 2


Determining if the Q_WS_WIN exist failed with the following output:
Change Dir: /home/pavel/catkin_ws/build/CMakeFiles/CMakeTmp

Run Build Command:"/usr/bin/make" "cmTC_2a263/fast"
make[1]: Entering directory '/home/pavel/catkin_ws/build/CMakeFiles/CMakeTmp'
/usr/bin/make -f CMakeFiles/cmTC_2a263.dir/build.make CMakeFiles/cmTC_2a263.dir/build
make[2]: Entering directory '/home/pavel/catkin_ws/build/CMakeFiles/CMakeTmp'
Building CXX object CMakeFiles/cmTC_2a263.dir/CheckSymbolExists.cxx.o
/usr/bin/c++    -I/usr/include/qt4   -o CMakeFiles/cmTC_2a263.dir/CheckSymbolExists.cxx.o -c /home/pavel/catkin_ws/build/CMakeFiles/CMakeTmp/CheckSymbolExists.cxx
/home/pavel/catkin_ws/build/CMakeFiles/CMakeTmp/CheckSymbolExists.cxx: In function 'int main(int, char**)':
/home/pavel/catkin_ws/build/CMakeFiles/CMakeTmp/CheckSymbolExists.cxx:8:19: error: 'Q_WS_WIN' was not declared in this scope
   return ((int*)(&Q_WS_WIN))[argc];
                   ^
CMakeFiles/cmTC_2a263.dir/build.make:65: recipe for target 'CMakeFiles/cmTC_2a263.dir/CheckSymbolExists.cxx.o' failed
make[2]: *** [CMakeFiles/cmTC_2a263.dir/CheckSymbolExists.cxx.o] Error 1
make[2]: Leaving directory '/home/pavel/catkin_ws/build/CMakeFiles/CMakeTmp'
Makefile:126: recipe for target 'cmTC_2a263/fast' failed
make[1]: *** [cmTC_2a263/fast] Error 2
make[1]: Leaving directory '/home/pavel/catkin_ws/build/CMakeFiles/CMakeTmp'

File /home/pavel/catkin_ws/build/CMakeFiles/CMakeTmp/CheckSymbolExists.cxx:
/* */
#include <QtCore/qglobal.h>

int main(int argc, char** argv)
{
  (void)argv;
#ifndef Q_WS_WIN
  return ((int*)(&Q_WS_WIN))[argc];
#else
  (void)argc;
  return 0;
#endif
}

Determining if the Q_WS_QWS exist failed with the following output:
Change Dir: /home/pavel/catkin_ws/build/CMakeFiles/CMakeTmp

Run Build Command:"/usr/bin/make" "cmTC_6d3a2/fast"
make[1]: Entering directory '/home/pavel/catkin_ws/build/CMakeFiles/CMakeTmp'
/usr/bin/make -f CMakeFiles/cmTC_6d3a2.dir/build.make CMakeFiles/cmTC_6d3a2.dir/build
make[2]: Entering directory '/home/pavel/catkin_ws/build/CMakeFiles/CMakeTmp'
Building CXX object CMakeFiles/cmTC_6d3a2.dir/CheckSymbolExists.cxx.o
/usr/bin/c++    -I/usr/include/qt4   -o CMakeFiles/cmTC_6d3a2.dir/CheckSymbolExists.cxx.o -c /home/pavel/catkin_ws/build/CMakeFiles/CMakeTmp/CheckSymbolExists.cxx
/home/pavel/catkin_ws/build/CMakeFiles/CMakeTmp/CheckSymbolExists.cxx: In function 'int main(int, char**)':
/home/pavel/catkin_ws/build/CMakeFiles/CMakeTmp/CheckSymbolExists.cxx:8:19: error: 'Q_WS_QWS' was not declared in this scope
   return ((int*)(&Q_WS_QWS))[argc];
                   ^
CMakeFiles/cmTC_6d3a2.dir/build.make:65: recipe for target 'CMakeFiles/cmTC_6d3a2.dir/CheckSymbolExists.cxx.o' failed
make[2]: *** [CMakeFiles/cmTC_6d3a2.dir/CheckSymbolExists.cxx.o] Error 1
make[2]: Leaving directory '/home/pavel/catkin_ws/build/CMakeFiles/CMakeTmp'
Makefile:126: recipe for target 'cmTC_6d3a2/fast' failed
make[1]: *** [cmTC_6d3a2/fast] Error 2
make[1]: Leaving directory '/home/pavel/catkin_ws/build/CMakeFiles/CMakeTmp'

File /home/pavel/catkin_ws/build/CMakeFiles/CMakeTmp/CheckSymbolExists.cxx:
/* */
#include <QtCore/qglobal.h>

int main(int argc, char** argv)
{
  (void)argv;
#ifndef Q_WS_QWS
  return ((int*)(&Q_WS_QWS))[argc];
#else
  (void)argc;
  return 0;
#endif
}

Determining if the Q_WS_MAC exist failed with the following output:
Change Dir: /home/pavel/catkin_ws/build/CMakeFiles/CMakeTmp

Run Build Command:"/usr/bin/make" "cmTC_a8b31/fast"
make[1]: Entering directory '/home/pavel/catkin_ws/build/CMakeFiles/CMakeTmp'
/usr/bin/make -f CMakeFiles/cmTC_a8b31.dir/build.make CMakeFiles/cmTC_a8b31.dir/build
make[2]: Entering directory '/home/pavel/catkin_ws/build/CMakeFiles/CMakeTmp'
Building CXX object CMakeFiles/cmTC_a8b31.dir/CheckSymbolExists.cxx.o
/usr/bin/c++    -I/usr/include/qt4   -o CMakeFiles/cmTC_a8b31.dir/CheckSymbolExists.cxx.o -c /home/pavel/catkin_ws/build/CMakeFiles/CMakeTmp/CheckSymbolExists.cxx
/home/pavel/catkin_ws/build/CMakeFiles/CMakeTmp/CheckSymbolExists.cxx: In function 'int main(int, char**)':
/home/pavel/catkin_ws/build/CMakeFiles/CMakeTmp/CheckSymbolExists.cxx:8:19: error: 'Q_WS_MAC' was not declared in this scope
   return ((int*)(&Q_WS_MAC))[argc];
                   ^
CMakeFiles/cmTC_a8b31.dir/build.make:65: recipe for target 'CMakeFiles/cmTC_a8b31.dir/CheckSymbolExists.cxx.o' failed
make[2]: *** [CMakeFiles/cmTC_a8b31.dir/CheckSymbolExists.cxx.o] Error 1
make[2]: Leaving directory '/home/pavel/catkin_ws/build/CMakeFiles/CMakeTmp'
Makefile:126: recipe for target 'cmTC_a8b31/fast' failed
make[1]: *** [cmTC_a8b31/fast] Error 2
make[1]: Leaving directory '/home/pavel/catkin_ws/build/CMakeFiles/CMakeTmp'

File /home/pavel/catkin_ws/build/CMakeFiles/CMakeTmp/CheckSymbolExists.cxx:
/* */
#include <QtCore/qglobal.h>

int main(int argc, char** argv)
{
  (void)argv;
#ifndef Q_WS_MAC
  return ((int*)(&Q_WS_MAC))[argc];
#else
  (void)argc;
  return 0;
#endif
}

